<?xml version="1.0" encoding="UTF-8"?>
<!-- Generated by org.testng.reporters.JUnitXMLReporter -->
<testsuite hostname="DESKTOP-6SOEI2S" ignored="0" name="Test" tests="4" failures="1" timestamp="09 Feb 2021 02:08:29 GMT" time="60.29" errors="0">
  <testcase name="basePageNavigation" time="24.334" classname="AnitaProjectDD.HomePage"/>
  <testcase name="basePageNavigation" time="9.292" classname="AnitaProjectDD.HomePage"/>
  <testcase name="SubmitQ" time="12.407" classname="AnitaProjectDD.Submitques"/>
  <testcase name="reviewPage" time="13.78" classname="AnitaProjectDD.validateReview">
    <failure type="java.lang.AssertionError" message="expected [write review] but found []">
      <![CDATA[java.lang.AssertionError: expected [write review] but found []
at AnitaProjectDD.validateReview.reviewPage(validateReview.java:77)
at java.util.concurrent.FutureTask.run(Unknown Source)
at java.util.concurrent.ThreadPoolExecutor.runWorker(Unknown Source)
at java.util.concurrent.ThreadPoolExecutor$Worker.run(Unknown Source)
at java.lang.Thread.run(Unknown Source)
... Removed 22 stack frames]]>
    </failure>
  </testcase> <!-- reviewPage -->
</testsuite> <!-- Test -->
