<?xml version="1.0" encoding="UTF-8"?>
<!-- Generated by org.testng.reporters.JUnitXMLReporter -->
<testsuite hostname="DESKTOP-6SOEI2S" ignored="0" name="Test" tests="4" failures="1" timestamp="09 Feb 2021 02:46:33 GMT" time="74.504" errors="0">
  <testcase name="basePageNavigation" time="25.254" classname="AnitaProjectDD.HomePage"/>
  <testcase name="basePageNavigation" time="13.09" classname="AnitaProjectDD.HomePage"/>
  <testcase name="SubmitQ" time="20.094" classname="AnitaProjectDD.Submitques"/>
  <testcase name="reviewPage" time="15.46" classname="AnitaProjectDD.validateReview">
    <failure type="java.lang.AssertionError" message="expected [write review] but found []">
      <![CDATA[java.lang.AssertionError: expected [write review] but found []
at AnitaProjectDD.validateReview.reviewPage(validateReview.java:77)
at java.util.concurrent.FutureTask.run(FutureTask.java:266)
at java.util.concurrent.ThreadPoolExecutor.runWorker(ThreadPoolExecutor.java:1149)
at java.util.concurrent.ThreadPoolExecutor$Worker.run(ThreadPoolExecutor.java:624)
at java.lang.Thread.run(Thread.java:748)
... Removed 22 stack frames]]>
    </failure>
  </testcase> <!-- reviewPage -->
</testsuite> <!-- Test -->
