<?xml version="1.0" encoding="UTF-8"?>
<testng-results skipped="0" failed="1" ignored="0" total="4" passed="3">
  <reporter-output>
  </reporter-output>
  <suite name="Suite" duration-ms="60290" started-at="2021-02-09T02:07:29Z" finished-at="2021-02-09T02:08:29Z">
    <groups>
    </groups>
    <test name="Test" duration-ms="60290" started-at="2021-02-09T02:07:29Z" finished-at="2021-02-09T02:08:29Z">
      <class name="AnitaProjectDD.HomePage">
        <test-method status="PASS" signature="basePageNavigation(java.lang.String, java.lang.String)[pri:0, instance:AnitaProjectDD.HomePage@38467116]" name="basePageNavigation" duration-ms="24334" started-at="2021-02-09T02:07:29Z" data-provider="getData" finished-at="2021-02-09T02:07:53Z">
          <params>
            <param index="0">
              <value>
                <![CDATA[srikanthtesting100@gmail.com]]>
              </value>
            </param>
            <param index="1">
              <value>
                <![CDATA[password123]]>
              </value>
            </param>
          </params>
          <reporter-output>
          </reporter-output>
        </test-method> <!-- basePageNavigation -->
        <test-method status="PASS" signature="basePageNavigation(java.lang.String, java.lang.String)[pri:0, instance:AnitaProjectDD.HomePage@38467116]" name="basePageNavigation" duration-ms="9292" started-at="2021-02-09T02:07:53Z" data-provider="getData" finished-at="2021-02-09T02:08:02Z">
          <params>
            <param index="0">
              <value>
                <![CDATA[anitadora@yahoo.com]]>
              </value>
            </param>
            <param index="1">
              <value>
                <![CDATA[12345]]>
              </value>
            </param>
          </params>
          <reporter-output>
          </reporter-output>
        </test-method> <!-- basePageNavigation -->
      </class> <!-- AnitaProjectDD.HomePage -->
      <class name="AnitaProjectDD.Submitques">
        <test-method status="PASS" signature="SubmitQ()[pri:0, instance:AnitaProjectDD.Submitques@5b7a7f33]" name="SubmitQ" duration-ms="12407" started-at="2021-02-09T02:08:02Z" finished-at="2021-02-09T02:08:15Z">
          <reporter-output>
          </reporter-output>
        </test-method> <!-- SubmitQ -->
      </class> <!-- AnitaProjectDD.Submitques -->
      <class name="AnitaProjectDD.validateReview">
        <test-method status="FAIL" signature="reviewPage()[pri:0, instance:AnitaProjectDD.validateReview@790da477]" name="reviewPage" duration-ms="13780" started-at="2021-02-09T02:08:15Z" finished-at="2021-02-09T02:08:29Z">
          <exception class="java.lang.AssertionError">
            <message>
              <![CDATA[expected [write review] but found []]]>
            </message>
            <full-stacktrace>
              <![CDATA[java.lang.AssertionError: expected [write review] but found []
at org.testng.Assert.fail(Assert.java:96)
at org.testng.Assert.failNotEquals(Assert.java:776)
at org.testng.Assert.assertEqualsImpl(Assert.java:137)
at org.testng.Assert.assertEquals(Assert.java:118)
at org.testng.Assert.assertEquals(Assert.java:453)
at org.testng.Assert.assertEquals(Assert.java:463)
at AnitaProjectDD.validateReview.reviewPage(validateReview.java:77)
at sun.reflect.NativeMethodAccessorImpl.invoke0(Native Method)
at sun.reflect.NativeMethodAccessorImpl.invoke(Unknown Source)
at sun.reflect.DelegatingMethodAccessorImpl.invoke(Unknown Source)
at java.lang.reflect.Method.invoke(Unknown Source)
at org.testng.internal.MethodInvocationHelper.invokeMethod(MethodInvocationHelper.java:124)
at org.testng.internal.Invoker.invokeMethod(Invoker.java:583)
at org.testng.internal.Invoker.invokeTestMethod(Invoker.java:719)
at org.testng.internal.Invoker.invokeTestMethods(Invoker.java:989)
at org.testng.internal.TestMethodWorker.invokeTestMethods(TestMethodWorker.java:125)
at org.testng.internal.TestMethodWorker.run(TestMethodWorker.java:109)
at org.testng.TestRunner.privateRun(TestRunner.java:648)
at org.testng.TestRunner.run(TestRunner.java:505)
at org.testng.SuiteRunner.runTest(SuiteRunner.java:455)
at org.testng.SuiteRunner.access$000(SuiteRunner.java:40)
at org.testng.SuiteRunner$SuiteWorker.run(SuiteRunner.java:489)
at org.testng.internal.thread.ThreadUtil$1.call(ThreadUtil.java:52)
at java.util.concurrent.FutureTask.run(Unknown Source)
at java.util.concurrent.ThreadPoolExecutor.runWorker(Unknown Source)
at java.util.concurrent.ThreadPoolExecutor$Worker.run(Unknown Source)
at java.lang.Thread.run(Unknown Source)
]]>
            </full-stacktrace>
          </exception> <!-- java.lang.AssertionError -->
          <reporter-output>
          </reporter-output>
        </test-method> <!-- reviewPage -->
      </class> <!-- AnitaProjectDD.validateReview -->
    </test> <!-- Test -->
  </suite> <!-- Suite -->
</testng-results>
